<?xml version="1.0" encoding="UTF-8"?>
<testsuite xmlns:xsi="http://www.w3.org/2001/XMLSchema-instance" xsi:noNamespaceSchemaLocation="https://maven.apache.org/surefire/maven-surefire-plugin/xsd/surefire-test-report-3.0.xsd" version="3.0" name="sumCalculatorTests" time="0.07" tests="4" errors="0" skipped="0" failures="0">
  <properties>
[...]
</properties>
  <testcase name="testSumGreaterThan100" classname="sumCalculatorTests" time="0.04"/>
  <testcase name="testSameNumbers" classname="sumCalculatorTests" time="0.001"/>
  <testcase name="testSumLessThan100" classname="sumCalculatorTests" time="0.001"/>
  <testcase name="testSumEquals100" classname="sumCalculatorTests" time="0.001"/>
</testsuite>